[35m[Appium][39m Welcome to Appium v1.22.3
[35m[Appium][39m Non-default server args:
[35m[Appium][39m   port: 51950
[35m[Appium][39m   loglevel: info
[35m[Appium][39m   tmpDir: C:\Windows\TEMP\\Katalon\Appium\Temp1678095013976
[35m[Appium][39m   chromedriverPort: 51951
[35m[Appium][39m Deprecated server args:
[35m[Appium][39m   [31m--chromedriver-port[39m => --default-capabilities
[35m[Appium][39m Default capabilities, which will be added to each request unless overridden by desired capabilities:
[35m[Appium][39m   chromedriverPort: 51951
[35m[Appium][39m Appium REST http interface listener started on 0.0.0.0:51950
[35m[HTTP][39m [37m-->[39m [37mGET[39m [37m/wd/hub/status[39m
[35m[HTTP][39m [90m{}[39m
[35m[HTTP][39m [37m<-- GET /wd/hub/status [39m[32m200[39m [90m4 ms - 68[39m
[35m[HTTP][39m [90m[39m
[35m[HTTP][39m [37m-->[39m [37mGET[39m [37m/wd/hub/status[39m
[35m[HTTP][39m [90m{}[39m
[35m[HTTP][39m [37m<-- GET /wd/hub/status [39m[32m200[39m [90m1 ms - 68[39m
[35m[HTTP][39m [90m[39m
[35m[HTTP][39m [37m-->[39m [37mPOST[39m [37m/wd/hub/session[39m
[35m[HTTP][39m [90m{"desiredCapabilities":{"appPackage":"com.android.settings","deviceId":"","deviceName":"samsung SM-N981N (Android 12)","platform":"ANDROID","appActivity":".Settings","newCommandTimeout":1800,"platformVersion":"12","automationName":"uiautomator2","autoGrantPermissions":true,"platformName":"Android","udid":"R3CN80JN18A","systemPort":8229},"capabilities":{"firstMatch":[{"appium:appActivity":".Settings","appium:appPackage":"com.android.settings","appium:autoGrantPermissions":true,"appium:automationName":"uiautomator2","deviceId":"","appium:deviceName":"samsung SM-N981N (Android 12)","appium:newCommandTimeout":1800,"platform":"ANDROID","platformName":"android","appium:platformVersion":"12","appium:systemPort":8229,"appium:udid":"R3CN80JN18A"}]}}[39m
[35m[BaseDriver][39m The following capabilities are not standard capabilities and should have an extension prefix:
[35m[BaseDriver][39m   deviceId
[35m[BaseDriver][39m   platform
[35m[BaseDriver][39m   chromedriverPort
[35m[Appium][39m Appium v1.22.3 creating new AndroidUiautomator2Driver (v1.70.1) session
[35m[BaseDriver][39m The following capabilities were provided, but are not recognized by Appium:
[35m[BaseDriver][39m   deviceId
[35m[BaseDriver][39m   platform
[35m[BaseDriver][39m Session created with session id: abfb2bd5-aa2e-4631-8e08-79374b7083be
[35m[UiAutomator2][39m Starting 'com.android.settings' directly on the device
[35m[ADB][39m Found 1 'build-tools' folders under 'C:\Users\박명근\.katalon\tools\android_sdk' (newest first):
[35m[ADB][39m     C:/Users/박명근/.katalon/tools/android_sdk/build-tools/29.0.3
[35m[ADB][39m Using 'adb.exe' from 'C:\Users\박명근\.katalon\tools\android_sdk\platform-tools\adb.exe'
[35m[AndroidDriver][39m Retrieving device list
[35m[AndroidDriver][39m Using device: R3CN80JN18A
[35m[ADB][39m Using 'adb.exe' from 'C:\Users\박명근\.katalon\tools\android_sdk\platform-tools\adb.exe'
[35m[ADB][39m Getting device platform version
[35m[UiAutomator2][39m Relaxing hidden api policy
[35m[AndroidDriver][39m No app sent in, not parsing package/activity
[35m[ADB][39m Using 'apksigner.jar' from 'C:\Users\박명근\.katalon\tools\android_sdk\build-tools\29.0.3\lib\apksigner.jar'
[35m[ADB][39m 'C:\Users\박명근\AppData\Roaming\npm\node_modules\appium\node_modules\appium-uiautomator2-server\apks\appium-uiautomator2-server-v4.27.0.apk' is signed with the default certificate
[35m[ADB][39m 'C:\Users\박명근\AppData\Roaming\npm\node_modules\appium\node_modules\appium-uiautomator2-server\apks\appium-uiautomator2-server-debug-androidTest.apk' is signed with the default certificate
[35m[UiAutomator2][39m Server packages are not going to be (re)installed
[35m[ADB][39m Adding packages ["io.appium.settings","io.appium.uiautomator2.server","io.appium.uiautomator2.server.test"] to Doze whitelist
[35m[UiAutomator2][39m Starting UIAutomator2 server 4.27.0
[35m[UiAutomator2][39m Using UIAutomator2 server from 'C:\Users\박명근\AppData\Roaming\npm\node_modules\appium\node_modules\appium-uiautomator2-server\apks\appium-uiautomator2-server-v4.27.0.apk' and test from 'C:\Users\박명근\AppData\Roaming\npm\node_modules\appium\node_modules\appium-uiautomator2-server\apks\appium-uiautomator2-server-debug-androidTest.apk'
[35m[UiAutomator2][39m Waiting up to 30000ms for UiAutomator2 to be online...
[35m[WD Proxy][39m socket hang up
[35m[WD Proxy][39m socket hang up
[35m[WD Proxy][39m Determined the downstream protocol as 'W3C'
[35m[AndroidDriver][39m Screen already unlocked, doing nothing
[35m[UiAutomator2][39m Starting 'com.android.settings/.Settings and waiting for 'com.android.settings/.Settings'
[35m[Appium][39m New AndroidUiautomator2Driver session created successfully, session abfb2bd5-aa2e-4631-8e08-79374b7083be added to master session list
[35m[HTTP][39m [37m<-- POST /wd/hub/session [39m[32m200[39m [90m8072 ms - 1187[39m
[35m[HTTP][39m [90m[39m
[35m[HTTP][39m [37m-->[39m [37mGET[39m [37m/wd/hub/session/abfb2bd5-aa2e-4631-8e08-79374b7083be[39m
[35m[HTTP][39m [90m{}[39m
[35m[HTTP][39m [37m<-- GET /wd/hub/session/abfb2bd5-aa2e-4631-8e08-79374b7083be [39m[32m200[39m [90m15 ms - 1141[39m
[35m[HTTP][39m [90m[39m
[35m[HTTP][39m [37m-->[39m [37mGET[39m [37m/wd/hub/session/abfb2bd5-aa2e-4631-8e08-79374b7083be[39m
[35m[HTTP][39m [90m{}[39m
[35m[HTTP][39m [37m<-- GET /wd/hub/session/abfb2bd5-aa2e-4631-8e08-79374b7083be [39m[32m200[39m [90m7 ms - 1141[39m
[35m[HTTP][39m [90m[39m
[35m[HTTP][39m [37m-->[39m [37mGET[39m [37m/wd/hub/status[39m
[35m[HTTP][39m [90m{}[39m
[35m[HTTP][39m [37m<-- GET /wd/hub/status [39m[32m200[39m [90m1 ms - 68[39m
[35m[HTTP][39m [90m[39m
[35m[HTTP][39m [37m-->[39m [37mPOST[39m [37m/wd/hub/session/abfb2bd5-aa2e-4631-8e08-79374b7083be/timeouts[39m
[35m[HTTP][39m [90m{"implicit":60000}[39m
[35m[HTTP][39m [37m<-- POST /wd/hub/session/abfb2bd5-aa2e-4631-8e08-79374b7083be/timeouts [39m[32m200[39m [90m2 ms - 14[39m
[35m[HTTP][39m [90m[39m
[35m[HTTP][39m [37m-->[39m [37mGET[39m [37m/wd/hub/session/abfb2bd5-aa2e-4631-8e08-79374b7083be/screenshot[39m
[35m[HTTP][39m [90m{}[39m
[35m[HTTP][39m [37m<-- GET /wd/hub/session/abfb2bd5-aa2e-4631-8e08-79374b7083be/screenshot [39m[32m200[39m [90m284 ms - 189080[39m
[35m[HTTP][39m [90m[39m
[35m[HTTP][39m [37m-->[39m [37mGET[39m [37m/wd/hub/session/abfb2bd5-aa2e-4631-8e08-79374b7083be/window/rect[39m
[35m[HTTP][39m [90m{}[39m
[35m[HTTP][39m [37m<-- GET /wd/hub/session/abfb2bd5-aa2e-4631-8e08-79374b7083be/window/rect [39m[32m200[39m [90m13 ms - 50[39m
[35m[HTTP][39m [90m[39m
[35m[HTTP][39m [37m-->[39m [37mGET[39m [37m/wd/hub/session/abfb2bd5-aa2e-4631-8e08-79374b7083be/appium/device/system_bars[39m
[35m[HTTP][39m [90m{}[39m
[35m[HTTP][39m [37m<-- GET /wd/hub/session/abfb2bd5-aa2e-4631-8e08-79374b7083be/appium/device/system_bars [39m[32m200[39m [90m94 ms - 145[39m
[35m[HTTP][39m [90m[39m
[35m[HTTP][39m [37m-->[39m [37mPOST[39m [37m/wd/hub/session/abfb2bd5-aa2e-4631-8e08-79374b7083be/appium/device/activate_app[39m
[35m[HTTP][39m [90m{"bundleId":"com.bbros.sayup"}[39m
[35m[HTTP][39m [37m<-- POST /wd/hub/session/abfb2bd5-aa2e-4631-8e08-79374b7083be/appium/device/activate_app [39m[32m200[39m [90m285 ms - 14[39m
[35m[HTTP][39m [90m[39m
[35m[HTTP][39m [37m-->[39m [37mGET[39m [37m/wd/hub/session/abfb2bd5-aa2e-4631-8e08-79374b7083be/source[39m
[35m[HTTP][39m [90m{}[39m
[35m[W3C (abfb2bd5)][39m Driver proxy active, passing request on via HTTP proxy
[35m[WD Proxy][39m Replacing sessionId c51b3ea1-3117-4fee-9375-b4215c01f0be with abfb2bd5-aa2e-4631-8e08-79374b7083be
[35m[HTTP][39m [37m<-- GET /wd/hub/session/abfb2bd5-aa2e-4631-8e08-79374b7083be/source [39m[32m200[39m [90m800 ms - 42878[39m
[35m[HTTP][39m [90m[39m
[35m[HTTP][39m [37m-->[39m [37mGET[39m [37m/wd/hub/session/abfb2bd5-aa2e-4631-8e08-79374b7083be/screenshot[39m
[35m[HTTP][39m [90m{}[39m
[35m[HTTP][39m [37m<-- GET /wd/hub/session/abfb2bd5-aa2e-4631-8e08-79374b7083be/screenshot [39m[32m200[39m [90m392 ms - 387054[39m
[35m[HTTP][39m [90m[39m
[35m[HTTP][39m [37m-->[39m [37mPOST[39m [37m/wd/hub/session/abfb2bd5-aa2e-4631-8e08-79374b7083be/elements[39m
[35m[HTTP][39m [90m{"using":"xpath","value":"//*[@class = 'android.widget.TextView' and (@text = '진료과로 병원 찾기 🏥' or . = '진료과로 병원 찾기 🏥') and @resource-id = 'com.bbros.sayup:id/tv_title']"}[39m
[35m[HTTP][39m [37m<-- POST /wd/hub/session/abfb2bd5-aa2e-4631-8e08-79374b7083be/elements [39m[32m200[39m [90m456 ms - 139[39m
[35m[HTTP][39m [90m[39m
[35m[HTTP][39m [37m-->[39m [37mPOST[39m [37m/wd/hub/session/abfb2bd5-aa2e-4631-8e08-79374b7083be/elements[39m
[35m[HTTP][39m [90m{"using":"xpath","value":"//*[@class = 'android.widget.TextView' and (@text = '진료과로 병원 찾기 🏥' or . = '진료과로 병원 찾기 🏥') and @resource-id = 'com.bbros.sayup:id/tv_title']"}[39m
[35m[HTTP][39m [37m<-- POST /wd/hub/session/abfb2bd5-aa2e-4631-8e08-79374b7083be/elements [39m[32m200[39m [90m199 ms - 139[39m
[35m[HTTP][39m [90m[39m
[35m[HTTP][39m [37m-->[39m [37mPOST[39m [37m/wd/hub/session/abfb2bd5-aa2e-4631-8e08-79374b7083be/elements[39m
[35m[HTTP][39m [90m{"using":"xpath","value":"//*[@class = 'android.widget.TextView' and (@text = '진료과로 병원 찾기 🏥' or . = '진료과로 병원 찾기 🏥') and @resource-id = 'com.bbros.sayup:id/tv_title']"}[39m
[35m[HTTP][39m [37m<-- POST /wd/hub/session/abfb2bd5-aa2e-4631-8e08-79374b7083be/elements [39m[32m200[39m [90m221 ms - 139[39m
[35m[HTTP][39m [90m[39m
[35m[HTTP][39m [37m-->[39m [37mGET[39m [37m/wd/hub/session/abfb2bd5-aa2e-4631-8e08-79374b7083be/source[39m
[35m[HTTP][39m [90m{}[39m
[35m[W3C (abfb2bd5)][39m Driver proxy active, passing request on via HTTP proxy
[35m[WD Proxy][39m Replacing sessionId c51b3ea1-3117-4fee-9375-b4215c01f0be with abfb2bd5-aa2e-4631-8e08-79374b7083be
[35m[HTTP][39m [37m<-- GET /wd/hub/session/abfb2bd5-aa2e-4631-8e08-79374b7083be/source [39m[32m200[39m [90m1002 ms - 48013[39m
[35m[HTTP][39m [90m[39m
[35m[HTTP][39m [37m-->[39m [37mGET[39m [37m/wd/hub/session/abfb2bd5-aa2e-4631-8e08-79374b7083be/screenshot[39m
[35m[HTTP][39m [90m{}[39m
[35m[HTTP][39m [37m<-- GET /wd/hub/session/abfb2bd5-aa2e-4631-8e08-79374b7083be/screenshot [39m[32m200[39m [90m424 ms - 436202[39m
[35m[HTTP][39m [90m[39m
[35m[HTTP][39m [37m-->[39m [37mDELETE[39m [37m/wd/hub/session/abfb2bd5-aa2e-4631-8e08-79374b7083be[39m
[35m[HTTP][39m [90m{}[39m
[35m[Appium][39m Removing session abfb2bd5-aa2e-4631-8e08-79374b7083be from our master session list
[35m[UiAutomator2][39m Restoring hidden api policy to the device default configuration
[35m[HTTP][39m [37m<-- DELETE /wd/hub/session/abfb2bd5-aa2e-4631-8e08-79374b7083be [39m[32m200[39m [90m454 ms - 14[39m
[35m[HTTP][39m [90m[39m
